<suite name="heroku app">
    <test name="regression">
        <parameter name="browser" value="chrome"/>
        <classes>
            <class name="heroku.LoginTest"/>
            <class name="heroku.TableTest"/>
            <class name="heroku.DragDropTest"/>
        </classes>
    </test>

</suite>